[14:11:57] [main/INFO]: Environment: authHost='https://authserver.mojang.com', accountsHost='https://api.mojang.com', sessionHost='https://sessionserver.mojang.com', name='PROD'
[14:12:00] [main/WARN]: Ambiguity between arguments [teleport, destination] and [teleport, targets] with inputs: [Player, 0123, @e, dd12be42-52a9-4a91-a8a1-11c01849e498]
[14:12:00] [main/WARN]: Ambiguity between arguments [teleport, location] and [teleport, destination] with inputs: [0.1 -0.5 .9, 0 0 0]
[14:12:00] [main/WARN]: Ambiguity between arguments [teleport, location] and [teleport, targets] with inputs: [0.1 -0.5 .9, 0 0 0]
[14:12:00] [main/WARN]: Ambiguity between arguments [teleport, targets] and [teleport, destination] with inputs: [Player, 0123, dd12be42-52a9-4a91-a8a1-11c01849e498]
[14:12:00] [main/WARN]: Ambiguity between arguments [teleport, targets, location] and [teleport, targets, destination] with inputs: [0.1 -0.5 .9, 0 0 0]
[14:12:00] [main/INFO]: Reloading ResourceManager: Default
[14:12:01] [Worker-Main-5/INFO]: Loaded 7 recipes
[14:12:02] [Worker-Main-5/INFO]: Loaded 927 advancements
[14:12:04] [Server thread/INFO]: Starting minecraft server version 1.16.1
[14:12:04] [Server thread/INFO]: Loading properties
[14:12:04] [Server thread/INFO]: Default game type: CREATIVE
[14:12:04] [Server thread/INFO]: Generating keypair
[14:12:04] [Server thread/INFO]: Starting Minecraft server on *:25565
[14:12:04] [Server thread/INFO]: Using epoll channel type
[14:12:05] [Server thread/WARN]: **** SERVER IS RUNNING IN OFFLINE/INSECURE MODE!
[14:12:05] [Server thread/WARN]: The server will make no attempt to authenticate usernames. Beware.
[14:12:05] [Server thread/WARN]: While this makes the game possible to play without internet access, it also opens up the ability for hackers to connect with any username they choose.
[14:12:05] [Server thread/WARN]: To change this, set "online-mode" to "true" in the server.properties file.
[14:12:05] [Server thread/INFO]: Preparing level "world"
[14:12:05] [Server thread/INFO]: Preparing start region for dimension minecraft:overworld
[14:12:09] [Server thread/INFO]: Preparing spawn area: 0%
[14:12:09] [Server thread/INFO]: Preparing spawn area: 0%
[14:12:09] [Server thread/INFO]: Preparing spawn area: 0%
[14:12:09] [Server thread/INFO]: Preparing spawn area: 0%
[14:12:09] [Server thread/INFO]: Preparing spawn area: 0%
[14:12:09] [Server thread/INFO]: Preparing spawn area: 0%
[14:12:09] [Server thread/INFO]: Preparing spawn area: 0%
[14:12:09] [Server thread/INFO]: Preparing spawn area: 0%
[14:12:09] [Worker-Main-4/INFO]: Preparing spawn area: 0%
[14:12:10] [Server thread/INFO]: Preparing spawn area: 0%
[14:12:10] [Server thread/INFO]: Preparing spawn area: 47%
[14:12:16] [Worker-Main-4/INFO]: Preparing spawn area: 83%
[14:12:16] [Worker-Main-6/INFO]: Preparing spawn area: 83%
[14:12:16] [Worker-Main-4/INFO]: Preparing spawn area: 83%
[14:12:16] [Worker-Main-4/INFO]: Preparing spawn area: 83%
[14:12:16] [Worker-Main-4/INFO]: Preparing spawn area: 83%
[14:12:16] [Worker-Main-4/INFO]: Preparing spawn area: 83%
[14:12:16] [Worker-Main-4/INFO]: Preparing spawn area: 83%
[14:12:16] [Worker-Main-4/INFO]: Preparing spawn area: 83%
[14:12:16] [Worker-Main-4/INFO]: Preparing spawn area: 83%
[14:12:16] [Worker-Main-4/INFO]: Preparing spawn area: 83%
[14:12:16] [Worker-Main-4/INFO]: Preparing spawn area: 83%
[14:12:16] [Worker-Main-4/INFO]: Preparing spawn area: 83%
[14:12:16] [Worker-Main-4/INFO]: Preparing spawn area: 83%
[14:12:17] [Worker-Main-7/INFO]: Preparing spawn area: 83%
[14:12:17] [Worker-Main-6/INFO]: Preparing spawn area: 83%
[14:12:18] [Worker-Main-4/INFO]: Preparing spawn area: 83%
[14:12:18] [Worker-Main-4/INFO]: Preparing spawn area: 83%
[14:12:19] [Worker-Main-4/INFO]: Preparing spawn area: 83%
[14:12:19] [Worker-Main-7/INFO]: Preparing spawn area: 83%
[14:12:20] [Worker-Main-7/INFO]: Preparing spawn area: 85%
[14:12:20] [Worker-Main-7/INFO]: Preparing spawn area: 85%
[14:12:21] [Worker-Main-7/INFO]: Preparing spawn area: 87%
[14:12:21] [Worker-Main-7/INFO]: Preparing spawn area: 89%
[14:12:22] [Worker-Main-7/INFO]: Preparing spawn area: 91%
[14:12:22] [Worker-Main-7/INFO]: Preparing spawn area: 93%
[14:12:23] [Worker-Main-4/INFO]: Preparing spawn area: 96%
[14:12:23] [Server thread/INFO]: Preparing spawn area: 96%
[14:12:23] [Server thread/INFO]: Time elapsed: 18520 ms
[14:12:23] [Server thread/INFO]: Done (18.789s)! For help, type "help"
[14:12:24] [Server thread/INFO]: Unknown or incomplete command, see below for error
[14:12:24] [Server thread/INFO]: <--[HERE]
[14:12:33] [Server thread/INFO]: _Fox3000_[/127.0.0.1:44718] logged in with entity id 116 at (45.5, 64.0, 184.5)
[14:12:33] [Server thread/INFO]: _Fox3000_ joined the game
[14:12:35] [Server thread/WARN]: Can't keep up! Is the server overloaded? Running 2061ms or 41 ticks behind
[14:12:54] [Server thread/INFO]: Made _Fox3000_ a server operator
[14:12:59] [Server thread/INFO]: [_Fox3000_: Stopping the server]
[14:12:59] [Server thread/INFO]: Stopping server
[14:12:59] [Server thread/INFO]: Saving players
[14:12:59] [Server thread/INFO]: _Fox3000_ lost connection: Server closed
[14:12:59] [Server thread/INFO]: _Fox3000_ left the game
[14:12:59] [Server thread/INFO]: Saving worlds
[14:12:59] [Server thread/INFO]: Saving chunks for level 'ServerLevel[world]'/minecraft:overworld
[14:13:19] [Server thread/INFO]: ThreadedAnvilChunkStorage (world): All chunks are saved
[14:13:19] [Server thread/INFO]: Saving chunks for level 'ServerLevel[world]'/minecraft:the_nether
[14:13:19] [Server thread/INFO]: ThreadedAnvilChunkStorage (DIM-1): All chunks are saved
[14:13:19] [Server thread/INFO]: Saving chunks for level 'ServerLevel[world]'/minecraft:the_end
[14:13:19] [Server thread/INFO]: ThreadedAnvilChunkStorage (DIM1): All chunks are saved
[14:13:19] [Server thread/INFO]: ThreadedAnvilChunkStorage (world): All chunks are saved
[14:13:19] [Server thread/INFO]: ThreadedAnvilChunkStorage (DIM-1): All chunks are saved
[14:13:19] [Server thread/INFO]: ThreadedAnvilChunkStorage (DIM1): All chunks are saved
